[2024-07-12 16:45:52,811: WARNING/MainProcess] No hostname was supplied. Reverting to default 'localhost'
 
 -------------- celery@eben v5.4.0 (opalescent)
--- ***** ----- 
-- ******* ---- Linux-6.5.0-1023-azure-x86_64-with-glibc2.35 2024-07-12 16:45:52
- *** --- * --- 
- ** ---------- [config]
- ** ---------- .> app:         tasks:0x752b5f1f3e20
- ** ---------- .> transport:   amqp://guest:**@localhost:5672//
- ** ---------- .> results:     rpc://
- *** --- * --- .> concurrency: 2 (prefork)
-- ******* ---- .> task events: OFF (enable -E to monitor tasks in this worker)
--- ***** ----- 
 -------------- [queues]
                .> celery           exchange=celery(direct) key=celery
                

[tasks]
  . celery_tasks.send_email

[2024-07-12 16:45:52,820: WARNING/MainProcess] /home/eben/.local/lib/python3.10/site-packages/celery/app/utils.py:203: CDeprecationWarning: 
    The 'CELERY_RESULT_BACKEND' setting is deprecated and scheduled for removal in
    version 6.0.0. Use the result_backend instead

  deprecated.warn(description=f'The {setting!r} setting',

[2024-07-12 16:45:52,820: WARNING/MainProcess] Please run `celery upgrade settings path/to/settings.py` to avoid these warnings and to allow a smoother upgrade to Celery 6.0.
[2024-07-12 16:45:52,863: WARNING/MainProcess] /home/eben/.local/lib/python3.10/site-packages/celery/worker/consumer/consumer.py:508: CPendingDeprecationWarning: The broker_connection_retry configuration setting will no longer determine
whether broker connection retries are made during startup in Celery 6.0 and above.
If you wish to retain the existing behavior for retrying connections on startup,
you should set broker_connection_retry_on_startup to True.
  warnings.warn(

[2024-07-12 16:45:52,869: INFO/MainProcess] Connected to amqp://guest:**@127.0.0.1:5672//
[2024-07-12 16:45:52,870: WARNING/MainProcess] /home/eben/.local/lib/python3.10/site-packages/celery/worker/consumer/consumer.py:508: CPendingDeprecationWarning: The broker_connection_retry configuration setting will no longer determine
whether broker connection retries are made during startup in Celery 6.0 and above.
If you wish to retain the existing behavior for retrying connections on startup,
you should set broker_connection_retry_on_startup to True.
  warnings.warn(

[2024-07-12 16:45:52,874: INFO/MainProcess] mingle: searching for neighbors
[2024-07-12 16:45:52,879: WARNING/MainProcess] No hostname was supplied. Reverting to default 'localhost'
[2024-07-12 16:45:53,890: INFO/MainProcess] mingle: all alone
[2024-07-12 16:45:53,902: INFO/MainProcess] celery@eben ready.

worker: Warm shutdown (MainProcess)
[2024-07-12 16:46:16,918: WARNING/MainProcess] No hostname was supplied. Reverting to default 'localhost'
 
 -------------- celery@eben v5.4.0 (opalescent)
--- ***** ----- 
-- ******* ---- Linux-6.5.0-1023-azure-x86_64-with-glibc2.35 2024-07-12 16:46:16
- *** --- * --- 
- ** ---------- [config]
- ** ---------- .> app:         tasks:0x7b9bf7bf3e20
- ** ---------- .> transport:   amqp://guest:**@localhost:5672//
- ** ---------- .> results:     rpc://
- *** --- * --- .> concurrency: 2 (prefork)
-- ******* ---- .> task events: OFF (enable -E to monitor tasks in this worker)
--- ***** ----- 
 -------------- [queues]
                .> celery           exchange=celery(direct) key=celery
                

[tasks]
  . celery_tasks.send_email

[2024-07-12 16:46:16,927: WARNING/MainProcess] /home/eben/.local/lib/python3.10/site-packages/celery/app/utils.py:203: CDeprecationWarning: 
    The 'CELERY_RESULT_BACKEND' setting is deprecated and scheduled for removal in
    version 6.0.0. Use the result_backend instead

  deprecated.warn(description=f'The {setting!r} setting',

[2024-07-12 16:46:16,927: WARNING/MainProcess] Please run `celery upgrade settings path/to/settings.py` to avoid these warnings and to allow a smoother upgrade to Celery 6.0.
[2024-07-12 16:46:16,972: WARNING/MainProcess] /home/eben/.local/lib/python3.10/site-packages/celery/worker/consumer/consumer.py:508: CPendingDeprecationWarning: The broker_connection_retry configuration setting will no longer determine
whether broker connection retries are made during startup in Celery 6.0 and above.
If you wish to retain the existing behavior for retrying connections on startup,
you should set broker_connection_retry_on_startup to True.
  warnings.warn(

[2024-07-12 16:46:16,992: INFO/MainProcess] Connected to amqp://guest:**@127.0.0.1:5672//
[2024-07-12 16:46:16,993: WARNING/MainProcess] /home/eben/.local/lib/python3.10/site-packages/celery/worker/consumer/consumer.py:508: CPendingDeprecationWarning: The broker_connection_retry configuration setting will no longer determine
whether broker connection retries are made during startup in Celery 6.0 and above.
If you wish to retain the existing behavior for retrying connections on startup,
you should set broker_connection_retry_on_startup to True.
  warnings.warn(

[2024-07-12 16:46:16,996: INFO/MainProcess] mingle: searching for neighbors
[2024-07-12 16:46:17,002: WARNING/MainProcess] No hostname was supplied. Reverting to default 'localhost'
[2024-07-12 16:46:18,012: INFO/MainProcess] mingle: all alone
[2024-07-12 16:46:18,026: INFO/MainProcess] celery@eben ready.

worker: Warm shutdown (MainProcess)
[2024-07-12 16:57:42,510: WARNING/MainProcess] No hostname was supplied. Reverting to default 'localhost'
 
 -------------- celery@eben v5.4.0 (opalescent)
--- ***** ----- 
-- ******* ---- Linux-6.5.0-1023-azure-x86_64-with-glibc2.35 2024-07-12 16:57:42
- *** --- * --- 
- ** ---------- [config]
- ** ---------- .> app:         tasks:0x7995b01f3e50
- ** ---------- .> transport:   amqp://guest:**@localhost:5672//
- ** ---------- .> results:     rpc://
- *** --- * --- .> concurrency: 2 (prefork)
-- ******* ---- .> task events: OFF (enable -E to monitor tasks in this worker)
--- ***** ----- 
 -------------- [queues]
                .> celery           exchange=celery(direct) key=celery
                

[tasks]
  . celery_tasks.send_email

[2024-07-12 16:57:42,518: WARNING/MainProcess] /home/eben/.local/lib/python3.10/site-packages/celery/app/utils.py:203: CDeprecationWarning: 
    The 'CELERY_RESULT_BACKEND' setting is deprecated and scheduled for removal in
    version 6.0.0. Use the result_backend instead

  deprecated.warn(description=f'The {setting!r} setting',

[2024-07-12 16:57:42,518: WARNING/MainProcess] Please run `celery upgrade settings path/to/settings.py` to avoid these warnings and to allow a smoother upgrade to Celery 6.0.
[2024-07-12 16:57:42,560: WARNING/MainProcess] /home/eben/.local/lib/python3.10/site-packages/celery/worker/consumer/consumer.py:508: CPendingDeprecationWarning: The broker_connection_retry configuration setting will no longer determine
whether broker connection retries are made during startup in Celery 6.0 and above.
If you wish to retain the existing behavior for retrying connections on startup,
you should set broker_connection_retry_on_startup to True.
  warnings.warn(

[2024-07-12 16:57:42,566: INFO/MainProcess] Connected to amqp://guest:**@127.0.0.1:5672//
[2024-07-12 16:57:42,567: WARNING/MainProcess] /home/eben/.local/lib/python3.10/site-packages/celery/worker/consumer/consumer.py:508: CPendingDeprecationWarning: The broker_connection_retry configuration setting will no longer determine
whether broker connection retries are made during startup in Celery 6.0 and above.
If you wish to retain the existing behavior for retrying connections on startup,
you should set broker_connection_retry_on_startup to True.
  warnings.warn(

[2024-07-12 16:57:42,569: INFO/MainProcess] mingle: searching for neighbors
[2024-07-12 16:57:42,574: WARNING/MainProcess] No hostname was supplied. Reverting to default 'localhost'
[2024-07-12 16:57:43,585: INFO/MainProcess] mingle: all alone
[2024-07-12 16:57:43,595: WARNING/MainProcess] /home/eben/.local/lib/python3.10/site-packages/kombu/pidbox.py:72: UserWarning: A node named celery@eben is already using this process mailbox!

Maybe you forgot to shutdown the other node or did not do so properly?
Or if you meant to start multiple nodes on the same host please make sure
you give each node a unique node name!

  warnings.warn(W_PIDBOX_IN_USE.format(node=self))

[2024-07-12 16:57:43,597: INFO/MainProcess] celery@eben ready.

worker: Warm shutdown (MainProcess)
